<?xml version="1.0" encoding="UTF-8"?>
<!-- Generated by org.testng.reporters.JUnitReportReporter -->
<testsuite hostname="DESKTOP-20NF0CC" failures="0" tests="1" name="screenshots.FullpageScreenshot" time="26.822" errors="0" timestamp="2024-06-10T17:13:31 IST" skipped="0">
  <testcase classname="screenshots.FullpageScreenshot" name="CompletePageScreenshot" time="26.822"/>
  <system-out/>
</testsuite> <!-- screenshots.FullpageScreenshot -->
