<?xml version="1.0" encoding="UTF-8"?>
<!-- Generated by org.testng.reporters.JUnitReportReporter -->
<testsuite hostname="DESKTOP-20NF0CC" failures="0" tests="1" name="testngframework.TestNG_9_1_Dropdown_Selection" time="25.706" errors="0" timestamp="2024-05-31T21:27:37 IST" skipped="0">
  <testcase classname="testngframework.TestNG_9_1_Dropdown_Selection" name="dropdown" time="25.706"/>
  <system-out/>
</testsuite> <!-- testngframework.TestNG_9_1_Dropdown_Selection -->
