<?xml version="1.0" encoding="UTF-8"?>
<!-- Generated by org.testng.reporters.JUnitReportReporter -->
<testsuite hostname="DESKTOP-20NF0CC" failures="0" tests="1" name="log4j.Log4jTutorial" time="9.348" errors="0" timestamp="2024-06-19T16:33:08 IST" skipped="0">
  <testcase classname="log4j.Log4jTutorial" name="googlesearch" time="9.348"/>
  <system-out/>
</testsuite> <!-- log4j.Log4jTutorial -->
