<?xml version="1.0" encoding="UTF-8"?>
<!-- Generated by org.testng.reporters.JUnitReportReporter -->
<testsuite hostname="DESKTOP-20NF0CC" failures="0" tests="2" name="testngframework.TestNG_5_DependsOnMethods" time="3.564" errors="0" timestamp="2024-06-03T16:51:20 IST" skipped="0">
  <testcase classname="testngframework.TestNG_5_DependsOnMethods" name="method1" time="0.420"/>
  <system-out/>
  <testcase classname="testngframework.TestNG_5_DependsOnMethods" name="method2" time="3.144"/>
  <system-out/>
</testsuite> <!-- testngframework.TestNG_5_DependsOnMethods -->
