<?xml version="1.0" encoding="UTF-8"?>
<!-- Generated by org.testng.reporters.JUnitReportReporter -->
<testsuite hostname="DESKTOP-20NF0CC" failures="0" tests="2" name="testngframework.TestNG_8_Groups_TCs" time="11.185" errors="0" timestamp="2024-05-30T17:53:06 IST" skipped="0">
  <testcase classname="testngframework.TestNG_8_Groups_TCs" name="swiggy" time="6.464"/>
  <system-out/>
  <testcase classname="testngframework.TestNG_8_Groups_TCs" name="zomato" time="4.721"/>
  <system-out/>
</testsuite> <!-- testngframework.TestNG_8_Groups_TCs -->
