<?xml version="1.0" encoding="UTF-8"?>
<!-- Generated by org.testng.reporters.JUnitReportReporter -->
<testsuite hostname="DESKTOP-20NF0CC" failures="0" tests="1" name="screenshots.TimeFormateScreenshot" time="12.123" errors="0" timestamp="2024-06-10T16:24:28 IST" skipped="0">
  <testcase classname="screenshots.TimeFormateScreenshot" name="google" time="12.123"/>
  <system-out/>
</testsuite> <!-- screenshots.TimeFormateScreenshot -->
