<?xml version="1.0" encoding="UTF-8"?>
<!-- Generated by org.testng.reporters.JUnitReportReporter -->
<testsuite hostname="DESKTOP-20NF0CC" failures="0" tests="1" name="sikuli.WebAutomation" time="13.411" errors="0" timestamp="2024-06-19T17:08:12 IST" skipped="0">
  <testcase classname="sikuli.WebAutomation" name="seleniumlearn" time="13.411"/>
  <system-out/>
</testsuite> <!-- sikuli.WebAutomation -->
