<?xml version="1.0" encoding="UTF-8"?>
<!-- Generated by org.testng.reporters.JUnitReportReporter -->
<testsuite hostname="DESKTOP-20NF0CC" failures="0" tests="1" name="iframes.Iframes" time="40.556" errors="0" timestamp="2024-06-06T12:22:03 IST" skipped="0">
  <testcase classname="iframes.Iframes" name="frames" time="40.556"/>
  <system-out/>
</testsuite> <!-- iframes.Iframes -->
