<?xml version="1.0" encoding="UTF-8"?>
<!-- Generated by org.testng.reporters.JUnitReportReporter -->
<testsuite hostname="DESKTOP-20NF0CC" failures="0" tests="1" name="newtabbrowsers.NewTabFunctionality" time="14.270" errors="0" timestamp="2024-06-05T18:29:43 IST" skipped="0">
  <testcase classname="newtabbrowsers.NewTabFunctionality" name="newtabwindow" time="14.270"/>
  <system-out/>
</testsuite> <!-- newtabbrowsers.NewTabFunctionality -->
