<?xml version="1.0" encoding="UTF-8"?>
<!-- Generated by org.testng.reporters.JUnitReportReporter -->
<testsuite hostname="DESKTOP-20NF0CC" failures="0" tests="1" name="scrolldownup.ScrollDownandUp" time="6.382" errors="0" timestamp="2024-06-07T16:54:50 IST" skipped="0">
  <testcase classname="scrolldownup.ScrollDownandUp" name="IndentifyLoacatorElement" time="6.382"/>
  <system-out/>
</testsuite> <!-- scrolldownup.ScrollDownandUp -->
