<?xml version="1.0" encoding="UTF-8"?>
<!-- Generated by org.testng.reporters.JUnitReportReporter -->
<testsuite hostname="DESKTOP-20NF0CC" failures="0" tests="1" name="testdemo.Google" time="2.575" errors="0" timestamp="2024-05-30T17:40:14 IST" skipped="0">
  <testcase classname="testdemo.Google" name="google" time="2.575"/>
  <system-out/>
</testsuite> <!-- testdemo.Google -->
