<?xml version="1.0" encoding="UTF-8"?>
<!-- Generated by org.testng.reporters.JUnitReportReporter -->
<testsuite hostname="DESKTOP-20NF0CC" failures="0" tests="1" name="alerts_dropdown.Dropdown_Selection" time="22.684" errors="0" timestamp="2024-06-08T21:28:12 IST" skipped="0">
  <testcase classname="alerts_dropdown.Dropdown_Selection" name="dropdown" time="22.684"/>
  <system-out/>
</testsuite> <!-- alerts_dropdown.Dropdown_Selection -->
