<?xml version="1.0" encoding="UTF-8"?>
<!-- Generated by org.testng.reporters.JUnitReportReporter -->
<testsuite hostname="DESKTOP-20NF0CC" failures="0" tests="2" name="testngframework.TestNG_7_Run_TCs_XML" time="8.278" errors="0" timestamp="2024-05-30T17:23:11 IST" skipped="0">
  <testcase classname="testngframework.TestNG_7_Run_TCs_XML" name="selenium" time="2.849"/>
  <system-out/>
  <testcase classname="testngframework.TestNG_7_Run_TCs_XML" name="redmine" time="5.429"/>
  <system-out/>
</testsuite> <!-- testngframework.TestNG_7_Run_TCs_XML -->
