<?xml version="1.0" encoding="UTF-8"?>
<!-- Generated by org.testng.reporters.JUnitReportReporter -->
<testsuite hostname="DESKTOP-20NF0CC" failures="0" tests="3" name="tabtitleappurlapptext.VerifyTabtitleURLAppText" time="3.964" errors="0" timestamp="2024-06-06T17:48:10 IST" skipped="2">
  <testcase classname="tabtitleappurlapptext.VerifyTabtitleURLAppText" name="verifyapplicationtext" time="3.964"/>
  <system-out/>
  <testcase classname="tabtitleappurlapptext.VerifyTabtitleURLAppText" name="verifyTabTitle">
    <skipped/>
  </testcase> <!-- verifyTabTitle -->
  <system-out/>
  <testcase classname="tabtitleappurlapptext.VerifyTabtitleURLAppText" name="verifyURL">
    <skipped/>
  </testcase> <!-- verifyURL -->
  <system-out/>
</testsuite> <!-- tabtitleappurlapptext.VerifyTabtitleURLAppText -->
