<?xml version="1.0" encoding="UTF-8"?>
<!-- Generated by org.testng.reporters.JUnitReportReporter -->
<testsuite hostname="DESKTOP-20NF0CC" failures="0" tests="6" name="testngframework.TestNG_3_Skip_Ignore_Disabled" time="9.081" errors="0" timestamp="2024-05-28T17:16:40 IST" skipped="3">
  <testcase classname="testngframework.TestNG_3_Skip_Ignore_Disabled" name="redmine" time="5.721"/>
  <system-out/>
  <testcase classname="testngframework.TestNG_3_Skip_Ignore_Disabled" name="selenium" time="1.572"/>
  <system-out/>
  <testcase classname="testngframework.TestNG_3_Skip_Ignore_Disabled" name="facebook" time="1.788"/>
  <system-out/>
  <testcase classname="testngframework.TestNG_3_Skip_Ignore_Disabled" name="google">
    <skipped/>
  </testcase> <!-- google -->
  <system-out/>
  <testcase classname="testngframework.TestNG_3_Skip_Ignore_Disabled" name="gmail">
    <skipped/>
  </testcase> <!-- gmail -->
  <system-out/>
  <testcase classname="testngframework.TestNG_3_Skip_Ignore_Disabled" name="twitter">
    <skipped/>
  </testcase> <!-- twitter -->
  <system-out/>
</testsuite> <!-- testngframework.TestNG_3_Skip_Ignore_Disabled -->
