<?xml version="1.0" encoding="UTF-8"?>
<!-- Generated by org.testng.reporters.JUnitReportReporter -->
<testsuite hostname="DESKTOP-20NF0CC" failures="0" tests="5" name="testngframework.TestNG_9_DataProvider" time="63.887" errors="0" timestamp="2024-06-14T17:27:51 IST" skipped="0">
  <testcase classname="testngframework.TestNG_9_DataProvider" name="login" time="14.004"/>
  <system-out/>
  <testcase classname="testngframework.TestNG_9_DataProvider" name="login" time="32.657"/>
  <system-out/>
  <testcase classname="testngframework.TestNG_9_DataProvider" name="login" time="6.669"/>
  <system-out/>
  <testcase classname="testngframework.TestNG_9_DataProvider" name="login" time="5.009"/>
  <system-out/>
  <testcase classname="testngframework.TestNG_9_DataProvider" name="login" time="5.548"/>
  <system-out/>
</testsuite> <!-- testngframework.TestNG_9_DataProvider -->
