<?xml version="1.0" encoding="UTF-8"?>
<!-- Generated by org.testng.reporters.JUnitReportReporter -->
<testsuite hostname="DESKTOP-20NF0CC" failures="0" tests="1" name="sikuli.DesktopAutomation" time="19.543" errors="0" timestamp="2024-06-19T16:59:41 IST" skipped="0">
  <testcase classname="sikuli.DesktopAutomation" name="desktop" time="19.543"/>
  <system-out/>
</testsuite> <!-- sikuli.DesktopAutomation -->
