<?xml version="1.0" encoding="UTF-8"?>
<!-- Generated by org.testng.reporters.JUnitReportReporter -->
<testsuite hostname="DESKTOP-20NF0CC" failures="0" tests="1" name="isDisplayedisEnabledisSelected.VerificationMethods" time="9.003" errors="0" timestamp="2024-06-17T16:45:38 IST" skipped="0">
  <testcase classname="isDisplayedisEnabledisSelected.VerificationMethods" name="isDispalyedMetthod" time="9.003"/>
  <system-out/>
</testsuite> <!-- isDisplayedisEnabledisSelected.VerificationMethods -->
