<?xml version="1.0" encoding="UTF-8"?>
<!-- Generated by org.testng.reporters.JUnitReportReporter -->
<testsuite hostname="DESKTOP-20NF0CC" failures="0" tests="1" name="screenshots.SelectedWebElementScreenshot" time="8.377" errors="0" timestamp="2024-06-10T16:35:38 IST" skipped="0">
  <testcase classname="screenshots.SelectedWebElementScreenshot" name="google" time="8.377"/>
  <system-out/>
</testsuite> <!-- screenshots.SelectedWebElementScreenshot -->
