<?xml version="1.0" encoding="UTF-8"?>
<!-- Generated by org.testng.reporters.JUnitReportReporter -->
<testsuite hostname="DESKTOP-20NF0CC" failures="0" tests="6" name="testngframework.TestNG_2_TCs_Priority_Execution" time="70.148" errors="0" timestamp="2024-05-30T17:40:14 IST" skipped="0">
  <testcase classname="testngframework.TestNG_2_TCs_Priority_Execution" name="google" time="2.280"/>
  <system-out/>
  <testcase classname="testngframework.TestNG_2_TCs_Priority_Execution" name="gmail" time="16.776"/>
  <system-out/>
  <testcase classname="testngframework.TestNG_2_TCs_Priority_Execution" name="twitter" time="12.018"/>
  <system-out/>
  <testcase classname="testngframework.TestNG_2_TCs_Priority_Execution" name="redmine" time="34.003"/>
  <system-out/>
  <testcase classname="testngframework.TestNG_2_TCs_Priority_Execution" name="selenium" time="3.849"/>
  <system-out/>
  <testcase classname="testngframework.TestNG_2_TCs_Priority_Execution" name="facebook" time="1.222"/>
  <system-out/>
</testsuite> <!-- testngframework.TestNG_2_TCs_Priority_Execution -->
